<?xml version="1.0" encoding="UTF-8"?>
<!-- Generated by org.testng.reporters.JUnitReportReporter -->
<testsuite hostname="LAPTOP-J6JSJEKO" failures="0" tests="1" name="E2E.Frame.Testone" time="21.363" errors="0" timestamp="2021-08-15T11:29:42 IST" skipped="0">
  <testcase classname="E2E.Frame.Testone" name="Testrun" time="21.363"/>
  <system-out/>
</testsuite> <!-- E2E.Frame.Testone -->
