<?xml version="1.0" encoding="UTF-8"?>
<!-- Generated by org.testng.reporters.JUnitReportReporter -->
<testsuite hostname="LAPTOP-J6JSJEKO" failures="0" tests="1" name="E2E.Frame.Testtwo" time="6.091" errors="0" timestamp="2021-08-19T00:06:49 IST" skipped="0">
  <testcase classname="E2E.Frame.Testtwo" name="clickbrandname" time="6.091"/>
  <system-out/>
</testsuite> <!-- E2E.Frame.Testtwo -->
